[29-Aug-2021 21:38:27 UTC] PHP Warning:  Cannot modify header information - headers already sent in /home/kjax/Local Sites/kevingarubba.com/wordpress/app/public/wp-content/themes/kevingarubba.com-wp-theme/functions.php on line 69
[29-Aug-2021 21:38:27 UTC] PHP Stack trace:
[29-Aug-2021 21:38:27 UTC] PHP   1. {main}() /home/kjax/Local Sites/kevingarubba.com/wordpress/app/public/wp-cron.php:0
[29-Aug-2021 21:38:27 UTC] PHP   2. require_once() /home/kjax/Local Sites/kevingarubba.com/wordpress/app/public/wp-cron.php:44
[29-Aug-2021 21:38:27 UTC] PHP   3. require_once() /home/kjax/Local Sites/kevingarubba.com/wordpress/app/public/wp-load.php:37
[29-Aug-2021 21:38:27 UTC] PHP   4. require_once() /home/kjax/Local Sites/kevingarubba.com/wordpress/app/public/wp-config.php:77
[29-Aug-2021 21:38:27 UTC] PHP   5. do_action() /home/kjax/Local Sites/kevingarubba.com/wordpress/app/public/wp-settings.php:540
[29-Aug-2021 21:38:27 UTC] PHP   6. WP_Hook->do_action() /home/kjax/Local Sites/kevingarubba.com/wordpress/app/public/wp-includes/plugin.php:478
[29-Aug-2021 21:38:27 UTC] PHP   7. WP_Hook->apply_filters() /home/kjax/Local Sites/kevingarubba.com/wordpress/app/public/wp-includes/class-wp-hook.php:311
[29-Aug-2021 21:38:27 UTC] PHP   8. add_cors_http_header() /home/kjax/Local Sites/kevingarubba.com/wordpress/app/public/wp-includes/class-wp-hook.php:287
[29-Aug-2021 21:38:27 UTC] PHP   9. header() /home/kjax/Local Sites/kevingarubba.com/wordpress/app/public/wp-content/themes/kevingarubba.com-wp-theme/functions.php:69
[29-Aug-2021 22:36:17 UTC] PHP Warning:  Cannot modify header information - headers already sent in /home/kjax/Local Sites/kevingarubba.com/wordpress/app/public/wp-content/themes/kevingarubba.com-wp-theme/functions.php on line 69
[29-Aug-2021 22:36:17 UTC] PHP Stack trace:
[29-Aug-2021 22:36:17 UTC] PHP   1. {main}() /home/kjax/Local Sites/kevingarubba.com/wordpress/app/public/wp-cron.php:0
[29-Aug-2021 22:36:17 UTC] PHP   2. require_once() /home/kjax/Local Sites/kevingarubba.com/wordpress/app/public/wp-cron.php:44
[29-Aug-2021 22:36:17 UTC] PHP   3. require_once() /home/kjax/Local Sites/kevingarubba.com/wordpress/app/public/wp-load.php:37
[29-Aug-2021 22:36:17 UTC] PHP   4. require_once() /home/kjax/Local Sites/kevingarubba.com/wordpress/app/public/wp-config.php:77
[29-Aug-2021 22:36:17 UTC] PHP   5. do_action() /home/kjax/Local Sites/kevingarubba.com/wordpress/app/public/wp-settings.php:540
[29-Aug-2021 22:36:17 UTC] PHP   6. WP_Hook->do_action() /home/kjax/Local Sites/kevingarubba.com/wordpress/app/public/wp-includes/plugin.php:478
[29-Aug-2021 22:36:17 UTC] PHP   7. WP_Hook->apply_filters() /home/kjax/Local Sites/kevingarubba.com/wordpress/app/public/wp-includes/class-wp-hook.php:311
[29-Aug-2021 22:36:17 UTC] PHP   8. add_cors_http_header() /home/kjax/Local Sites/kevingarubba.com/wordpress/app/public/wp-includes/class-wp-hook.php:287
[29-Aug-2021 22:36:17 UTC] PHP   9. header() /home/kjax/Local Sites/kevingarubba.com/wordpress/app/public/wp-content/themes/kevingarubba.com-wp-theme/functions.php:69
[29-Aug-2021 22:36:17 UTC] PHP Warning:  Cannot modify header information - headers already sent in /home/kjax/Local Sites/kevingarubba.com/wordpress/app/public/wp-content/themes/kevingarubba.com-wp-theme/functions.php on line 69
[29-Aug-2021 22:36:17 UTC] PHP Stack trace:
[29-Aug-2021 22:36:17 UTC] PHP   1. {main}() /home/kjax/Local Sites/kevingarubba.com/wordpress/app/public/wp-cron.php:0
[29-Aug-2021 22:36:17 UTC] PHP   2. require_once() /home/kjax/Local Sites/kevingarubba.com/wordpress/app/public/wp-cron.php:44
[29-Aug-2021 22:36:17 UTC] PHP   3. require_once() /home/kjax/Local Sites/kevingarubba.com/wordpress/app/public/wp-load.php:37
[29-Aug-2021 22:36:17 UTC] PHP   4. require_once() /home/kjax/Local Sites/kevingarubba.com/wordpress/app/public/wp-config.php:77
[29-Aug-2021 22:36:17 UTC] PHP   5. do_action() /home/kjax/Local Sites/kevingarubba.com/wordpress/app/public/wp-settings.php:540
[29-Aug-2021 22:36:17 UTC] PHP   6. WP_Hook->do_action() /home/kjax/Local Sites/kevingarubba.com/wordpress/app/public/wp-includes/plugin.php:478
[29-Aug-2021 22:36:17 UTC] PHP   7. WP_Hook->apply_filters() /home/kjax/Local Sites/kevingarubba.com/wordpress/app/public/wp-includes/class-wp-hook.php:311
[29-Aug-2021 22:36:17 UTC] PHP   8. add_cors_http_header() /home/kjax/Local Sites/kevingarubba.com/wordpress/app/public/wp-includes/class-wp-hook.php:287
[29-Aug-2021 22:36:17 UTC] PHP   9. header() /home/kjax/Local Sites/kevingarubba.com/wordpress/app/public/wp-content/themes/kevingarubba.com-wp-theme/functions.php:69
[17-Oct-2021 20:06:41 UTC] PHP Warning:  Cannot modify header information - headers already sent in /home/kjax/Local Sites/kevingarubba.com/wordpress/app/public/wp-content/themes/kevingarubba.com-wp-theme/functions.php on line 69
[17-Oct-2021 20:06:41 UTC] PHP Stack trace:
[17-Oct-2021 20:06:41 UTC] PHP   1. {main}() /home/kjax/Local Sites/kevingarubba.com/wordpress/app/public/wp-cron.php:0
[17-Oct-2021 20:06:41 UTC] PHP   2. require_once() /home/kjax/Local Sites/kevingarubba.com/wordpress/app/public/wp-cron.php:44
[17-Oct-2021 20:06:41 UTC] PHP   3. require_once() /home/kjax/Local Sites/kevingarubba.com/wordpress/app/public/wp-load.php:37
[17-Oct-2021 20:06:41 UTC] PHP   4. require_once() /home/kjax/Local Sites/kevingarubba.com/wordpress/app/public/wp-config.php:77
[17-Oct-2021 20:06:41 UTC] PHP   5. do_action() /home/kjax/Local Sites/kevingarubba.com/wordpress/app/public/wp-settings.php:540
[17-Oct-2021 20:06:41 UTC] PHP   6. WP_Hook->do_action() /home/kjax/Local Sites/kevingarubba.com/wordpress/app/public/wp-includes/plugin.php:478
[17-Oct-2021 20:06:41 UTC] PHP   7. WP_Hook->apply_filters() /home/kjax/Local Sites/kevingarubba.com/wordpress/app/public/wp-includes/class-wp-hook.php:311
[17-Oct-2021 20:06:41 UTC] PHP   8. add_cors_http_header() /home/kjax/Local Sites/kevingarubba.com/wordpress/app/public/wp-includes/class-wp-hook.php:287
[17-Oct-2021 20:06:41 UTC] PHP   9. header() /home/kjax/Local Sites/kevingarubba.com/wordpress/app/public/wp-content/themes/kevingarubba.com-wp-theme/functions.php:69
[17-Oct-2021 20:06:41 UTC] PHP Warning:  Cannot modify header information - headers already sent in /home/kjax/Local Sites/kevingarubba.com/wordpress/app/public/wp-content/themes/kevingarubba.com-wp-theme/functions.php on line 69
[17-Oct-2021 20:06:41 UTC] PHP Stack trace:
[17-Oct-2021 20:06:41 UTC] PHP   1. {main}() /home/kjax/Local Sites/kevingarubba.com/wordpress/app/public/wp-cron.php:0
[17-Oct-2021 20:06:41 UTC] PHP   2. require_once() /home/kjax/Local Sites/kevingarubba.com/wordpress/app/public/wp-cron.php:44
[17-Oct-2021 20:06:41 UTC] PHP   3. require_once() /home/kjax/Local Sites/kevingarubba.com/wordpress/app/public/wp-load.php:37
[17-Oct-2021 20:06:41 UTC] PHP   4. require_once() /home/kjax/Local Sites/kevingarubba.com/wordpress/app/public/wp-config.php:77
[17-Oct-2021 20:06:41 UTC] PHP   5. do_action() /home/kjax/Local Sites/kevingarubba.com/wordpress/app/public/wp-settings.php:540
[17-Oct-2021 20:06:41 UTC] PHP   6. WP_Hook->do_action() /home/kjax/Local Sites/kevingarubba.com/wordpress/app/public/wp-includes/plugin.php:478
[17-Oct-2021 20:06:41 UTC] PHP   7. WP_Hook->apply_filters() /home/kjax/Local Sites/kevingarubba.com/wordpress/app/public/wp-includes/class-wp-hook.php:311
[17-Oct-2021 20:06:41 UTC] PHP   8. add_cors_http_header() /home/kjax/Local Sites/kevingarubba.com/wordpress/app/public/wp-includes/class-wp-hook.php:287
[17-Oct-2021 20:06:41 UTC] PHP   9. header() /home/kjax/Local Sites/kevingarubba.com/wordpress/app/public/wp-content/themes/kevingarubba.com-wp-theme/functions.php:69
